IQ-TREE version 1.5.3 for Linux 64-bit built Jan 15 2017
Copyright (c) 2011-2016 Nguyen Lam Tung, Olga Chernomor, Arndt von Haeseler and Bui Quang Minh.

Host:    meselson (SSE3, 15 GB RAM)
Command: ../../iqtree -s 7-centered80_arsm_protdb_uc90_bmge.fasta -m TEST -bb 1000 -alrt 1000
Seed:    298954 (Using SPRNG - Scalable Parallel Random Number Generator)
Time:    Fri Mar  3 10:09:27 2017
Kernel:  SSE3

NOTE: Consider using the multicore version because your CPU has 8 cores!

Reading alignment file 7-centered80_arsm_protdb_uc90_bmge.fasta ... Fasta format detected
Alignment most likely contains protein sequences
Alignment has 175 sequences with 331 columns and 323 patterns (299 informative sites, 17 constant sites)
WARNING: Some sequence names are changed as follows:
gi|738319420|ref|WP_036272413.1| -> gi_738319420_ref_WP_036272413.1_
gi|493949381|ref|WP_006893283.1| -> gi_493949381_ref_WP_006893283.1_
gi|545466470|ref|WP_021703038.1| -> gi_545466470_ref_WP_021703038.1_
gi|447395033|gb|AFS88933.2| -> gi_447395033_gb_AFS88933.2_
gi|224179375|gb|ACN39191.1| -> gi_224179375_gb_ACN39191.1_
gi|39936624|ref|NP_948900.1| -> gi_39936624_ref_NP_948900.1_
gi|550975022|ref|WP_022723236.1| -> gi_550975022_ref_WP_022723236.1_
gi|499760130|ref|WP_011440864.1| -> gi_499760130_ref_WP_011440864.1_
gi|499823079|ref|WP_011503813.1| -> gi_499823079_ref_WP_011503813.1_
gi|764547837|ref|WP_044415711.1| -> gi_764547837_ref_WP_044415711.1_
gi|503186410|ref|WP_013421071.1| -> gi_503186410_ref_WP_013421071.1_
gi|500005407|ref|WP_011686125.1| -> gi_500005407_ref_WP_011686125.1_
gi|652388993|ref|WP_026784876.1| -> gi_652388993_ref_WP_026784876.1_
gi|522215170|ref|WP_020722282.1| -> gi_522215170_ref_WP_020722282.1_
gi|671511731|ref|WP_031497805.1| -> gi_671511731_ref_WP_031497805.1_
gi|522208193|ref|WP_020715660.1| -> gi_522208193_ref_WP_020715660.1_
gi|522200175|ref|WP_020707642.1| -> gi_522200175_ref_WP_020707642.1_
gi|959930306|ref|WP_058188671.1| -> gi_959930306_ref_WP_058188671.1_
gi|651321841|ref|WP_026446224.1| -> gi_651321841_ref_WP_026446224.1_
gi|922783416|ref|WP_053381118.1| -> gi_922783416_ref_WP_053381118.1_
gi|503015231|ref|WP_013250207.1| -> gi_503015231_ref_WP_013250207.1_
gi|501980888|ref|WP_012682757.1| -> gi_501980888_ref_WP_012682757.1_
gi|501979004|ref|WP_012682192.1| -> gi_501979004_ref_WP_012682192.1_
gi|652453667|ref|WP_026848516.1| -> gi_652453667_ref_WP_026848516.1_
gi|760135648|ref|WP_043817016.1| -> gi_760135648_ref_WP_043817016.1_
gi|517102880|ref|WP_018291698.1| -> gi_517102880_ref_WP_018291698.1_
gi|740690069|ref|WP_038475358.1| -> gi_740690069_ref_WP_038475358.1_
gi|495186792|ref|WP_007911582.1| -> gi_495186792_ref_WP_007911582.1_
gi|676234271|gb|AIM18906.1| -> gi_676234271_gb_AIM18906.1_
gi|493766661|ref|WP_006715242.1| -> gi_493766661_ref_WP_006715242.1_
gi|489639518|ref|WP_003543958.1| -> gi_489639518_ref_WP_003543958.1_
gi|653114916|ref|WP_027364526.1| -> gi_653114916_ref_WP_027364526.1_
gi|516754191|ref|WP_018084905.1| -> gi_516754191_ref_WP_018084905.1_
gi|500347872|ref|WP_011928520.1| -> gi_500347872_ref_WP_011928520.1_
gi|544740686|ref|WP_021169583.1| -> gi_544740686_ref_WP_021169583.1_
gi|517533533|ref|WP_018703741.1| -> gi_517533533_ref_WP_018703741.1_
gi|817125760|ref|WP_046498382.1| -> gi_817125760_ref_WP_046498382.1_
gi|656269961|ref|WP_029215682.1| -> gi_656269961_ref_WP_029215682.1_
gi|502635989|ref|WP_012872514.1| -> gi_502635989_ref_WP_012872514.1_
gi|917381996|ref|WP_051988708.1| -> gi_917381996_ref_WP_051988708.1_
gi|872694068|ref|WP_048546073.1| -> gi_872694068_ref_WP_048546073.1_
gi|493082547|ref|WP_006126391.1| -> gi_493082547_ref_WP_006126391.1_
gi|914075131|ref|WP_050513018.1| -> gi_914075131_ref_WP_050513018.1_
gi|917123390|ref|WP_051730102.1| -> gi_917123390_ref_WP_051730102.1_
gi|944478830|ref|WP_055702709.1| -> gi_944478830_ref_WP_055702709.1_
gi|926402753|ref|WP_053730865.1| -> gi_926402753_ref_WP_053730865.1_
gi|943876370|ref|WP_055517454.1| -> gi_943876370_ref_WP_055517454.1_
gi|494622085|ref|WP_007380029.1| -> gi_494622085_ref_WP_007380029.1_
gi|664529455|ref|WP_031045865.1| -> gi_664529455_ref_WP_031045865.1_
gi|664472164|ref|WP_030993279.1| -> gi_664472164_ref_WP_030993279.1_
gi|559010149|ref|WP_023548976.1| -> gi_559010149_ref_WP_023548976.1_
gi|662090949|ref|WP_030049729.1| -> gi_662090949_ref_WP_030049729.1_
gi|494756791|ref|WP_007492199.1| -> gi_494756791_ref_WP_007492199.1_
gi|664419827|ref|WP_030945163.1| -> gi_664419827_ref_WP_030945163.1_
gi|799161388|ref|WP_045933926.1| -> gi_799161388_ref_WP_045933926.1_
gi|926337161|ref|WP_053670035.1| -> gi_926337161_ref_WP_053670035.1_
gi|930514852|ref|WP_054238281.1| -> gi_930514852_ref_WP_054238281.1_
gi|951118532|ref|WP_057604559.1| -> gi_951118532_ref_WP_057604559.1_
gi|944486331|ref|WP_055709475.1| -> gi_944486331_ref_WP_055709475.1_
gi|663314705|ref|WP_030314591.1| -> gi_663314705_ref_WP_030314591.1_
gi|518980306|ref|WP_020136181.1| -> gi_518980306_ref_WP_020136181.1_
gi|943663093|ref|WP_055490737.1| -> gi_943663093_ref_WP_055490737.1_
gi|664278477|ref|WP_030808646.1| -> gi_664278477_ref_WP_030808646.1_
gi|926429193|ref|WP_053755957.1| -> gi_926429193_ref_WP_053755957.1_
gi|951134865|ref|WP_057617745.1| -> gi_951134865_ref_WP_057617745.1_
gi|917227013|ref|WP_051833725.1| -> gi_917227013_ref_WP_051833725.1_
gi|917237152|ref|WP_051843864.1| -> gi_917237152_ref_WP_051843864.1_
gi|944044659|ref|WP_055631768.1| -> gi_944044659_ref_WP_055631768.1_
gi|610518757|dbj|BAO65696.1| -> gi_610518757_dbj_BAO65696.1_
gi|751915081|ref|WP_041130008.1| -> gi_751915081_ref_WP_041130008.1_
gi|517903663|ref|WP_019073871.1| -> gi_517903663_ref_WP_019073871.1_
gi|760000638|ref|WP_043684130.1| -> gi_760000638_ref_WP_043684130.1_
gi|820264359|ref|WP_046726969.1| -> gi_820264359_ref_WP_046726969.1_
gi|930485107|ref|WP_054231915.1| -> gi_930485107_ref_WP_054231915.1_
gi|671494404|ref|WP_031484442.1| -> gi_671494404_ref_WP_031484442.1_
gi|740025836|ref|WP_037875493.1| -> gi_740025836_ref_WP_037875493.1_
gi|665611782|ref|WP_031174559.1| -> gi_665611782_ref_WP_031174559.1_
gi|648549839|ref|WP_026241590.1| -> gi_648549839_ref_WP_026241590.1_
gi|518730802|ref|WP_019890818.1| -> gi_518730802_ref_WP_019890818.1_
gi|739867588|ref|WP_037718316.1| -> gi_739867588_ref_WP_037718316.1_
gi|780329113|ref|WP_045558746.1| -> gi_780329113_ref_WP_045558746.1_
gi|740036518|ref|WP_037886171.1| -> gi_740036518_ref_WP_037886171.1_
gi|817539613|ref|WP_046589522.1| -> gi_817539613_ref_WP_046589522.1_
gi|739975991|ref|WP_037826164.1| -> gi_739975991_ref_WP_037826164.1_
gi|740008166|ref|WP_037857964.1| -> gi_740008166_ref_WP_037857964.1_
gi|522160099|ref|WP_020671307.1| -> gi_522160099_ref_WP_020671307.1_
gi|931608330|ref|WP_054297005.1| -> gi_931608330_ref_WP_054297005.1_
gi|514916939|ref|WP_016639390.1| -> gi_514916939_ref_WP_016639390.1_
gi|517891433|ref|WP_019061641.1| -> gi_517891433_ref_WP_019061641.1_
gi|739827734|ref|WP_037679194.1| -> gi_739827734_ref_WP_037679194.1_
gi|663699270|ref|WP_030476143.1| -> gi_663699270_ref_WP_030476143.1_
gi|739827899|ref|WP_037679359.1| -> gi_739827899_ref_WP_037679359.1_
gi|917204930|ref|WP_051811642.1| -> gi_917204930_ref_WP_051811642.1_
gi|918715334|ref|WP_052580309.1| -> gi_918715334_ref_WP_052580309.1_
gi|917194591|ref|WP_051801303.1| -> gi_917194591_ref_WP_051801303.1_
gi|503815714|ref|WP_014049708.1| -> gi_503815714_ref_WP_014049708.1_
gi|759984603|ref|WP_043668376.1| -> gi_759984603_ref_WP_043668376.1_
gi|750452567|ref|WP_040734440.1| -> gi_750452567_ref_WP_040734440.1_
gi|696554409|ref|WP_033086600.1| -> gi_696554409_ref_WP_033086600.1_
gi|750524168|ref|WP_040806037.1| -> gi_750524168_ref_WP_040806037.1_
gi|739397891|ref|WP_037258456.1| -> gi_739397891_ref_WP_037258456.1_
gi|739463672|ref|WP_037323619.1| -> gi_739463672_ref_WP_037323619.1_
gi|516612988|ref|WP_017987831.1| -> gi_516612988_ref_WP_017987831.1_
gi|522063943|ref|WP_020575152.1| -> gi_522063943_ref_WP_020575152.1_
gi|663658281|ref|WP_030444069.1| -> gi_663658281_ref_WP_030444069.1_
gi|950162135|ref|WP_057211743.1| -> gi_950162135_ref_WP_057211743.1_
gi|502883608|ref|WP_013118584.1| -> gi_502883608_ref_WP_013118584.1_
gi|491603164|ref|WP_005460724.1| -> gi_491603164_ref_WP_005460724.1_
gi|970450100|ref|WP_058730794.1| -> gi_970450100_ref_WP_058730794.1_
gi|938898436|ref|WP_054682429.1| -> gi_938898436_ref_WP_054682429.1_
gi|503630542|ref|WP_013864618.1| -> gi_503630542_ref_WP_013864618.1_
gi|551252620|ref|WP_022872887.1| -> gi_551252620_ref_WP_022872887.1_
gi|494304514|ref|WP_007172569.1| -> gi_494304514_ref_WP_007172569.1_
gi|937366265|ref|WP_054585478.1| -> gi_937366265_ref_WP_054585478.1_
gi|808806324|ref|WP_046285503.1| -> gi_808806324_ref_WP_046285503.1_
gi|806837003|ref|WP_046185264.1| -> gi_806837003_ref_WP_046185264.1_
gi|806841425|ref|WP_046189027.1| -> gi_806841425_ref_WP_046189027.1_
gi|503593872|ref|WP_013827948.1| -> gi_503593872_ref_WP_013827948.1_
gi|490019154|ref|WP_003921665.1| -> gi_490019154_ref_WP_003921665.1_
gi|500081161|ref|WP_011757174.1| -> gi_500081161_ref_WP_011757174.1_
gi|740894600|ref|WP_038679848.1| -> gi_740894600_ref_WP_038679848.1_
gi|736088017|ref|WP_034221384.1| -> gi_736088017_ref_WP_034221384.1_
gi|635640639|ref|WP_024287532.1| -> gi_635640639_ref_WP_024287532.1_
gi|521979073|ref|WP_020490344.1| -> gi_521979073_ref_WP_020490344.1_
gi|754894746|ref|WP_042253337.1| -> gi_754894746_ref_WP_042253337.1_
gi|502782016|ref|WP_013016992.1| -> gi_502782016_ref_WP_013016992.1_
gi|754824988|ref|WP_042187503.1| -> gi_754824988_ref_WP_042187503.1_
gi|752691219|ref|WP_041339041.1| -> gi_752691219_ref_WP_041339041.1_
gi|851257485|ref|WP_048134622.1| -> gi_851257485_ref_WP_048134622.1_
gi|499333191|ref|WP_011023683.1| -> gi_499333191_ref_WP_011023683.1_
gi|499344632|ref|WP_011034171.1| -> gi_499344632_ref_WP_011034171.1_
gi|851303491|ref|WP_048166801.1| -> gi_851303491_ref_WP_048166801.1_
gi|966391489|ref|WP_058438253.1| -> gi_966391489_ref_WP_058438253.1_
gi|820748555|ref|WP_046737449.1| -> gi_820748555_ref_WP_046737449.1_
gi|500016422|ref|WP_011697140.1| -> gi_500016422_ref_WP_011697140.1_
gi|851320234|ref|WP_048183374.1| -> gi_851320234_ref_WP_048183374.1_
gi|851218940|ref|WP_048113175.1| -> gi_851218940_ref_WP_048113175.1_
gi|503485774|ref|WP_013720435.1| -> gi_503485774_ref_WP_013720435.1_
gi|981129887|ref|WP_059419285.1| -> gi_981129887_ref_WP_059419285.1_
gi|496499194|ref|WP_009207730.1| -> gi_496499194_ref_WP_009207730.1_
gi|516744948|ref|WP_018078770.1| -> gi_516744948_ref_WP_018078770.1_
gi|738704509|ref|WP_036603132.1| -> gi_738704509_ref_WP_036603132.1_
gi|511070076|ref|WP_016311643.1| -> gi_511070076_ref_WP_016311643.1_
gi|836680372|ref|WP_047828246.1| -> gi_836680372_ref_WP_047828246.1_
gi|916494962|ref|WP_051130338.1| -> gi_916494962_ref_WP_051130338.1_
gi|750586078|ref|WP_040867947.1| -> gi_750586078_ref_WP_040867947.1_
gi|917562532|ref|WP_052157922.1| -> gi_917562532_ref_WP_052157922.1_
gi|504262434|ref|WP_014449536.1| -> gi_504262434_ref_WP_014449536.1_
gi|654873070|ref|WP_028325089.1| -> gi_654873070_ref_WP_028325089.1_
gi|490646676|ref|WP_004511671.1| -> gi_490646676_ref_WP_004511671.1_
gi|771601551|ref|WP_045214237.1| -> gi_771601551_ref_WP_045214237.1_
gi|505937203|ref|WP_015723951.1| -> gi_505937203_ref_WP_015723951.1_
gi|506231622|ref|WP_015751397.1| -> gi_506231622_ref_WP_015751397.1_
gi|921296454|ref|WP_053231770.1| -> gi_921296454_ref_WP_053231770.1_
gi|648503808|ref|WP_026195559.1| -> gi_648503808_ref_WP_026195559.1_
gi|671595765|ref|WP_031570350.1| -> gi_671595765_ref_WP_031570350.1_
gi|801017797|ref|WP_046023086.1| -> gi_801017797_ref_WP_046023086.1_
gi|917483901|ref|WP_052090318.1| -> gi_917483901_ref_WP_052090318.1_
gi|504716028|ref|WP_014903130.1| -> gi_504716028_ref_WP_014903130.1_
gi|505406470|ref|WP_015593572.1| -> gi_505406470_ref_WP_015593572.1_
gi|760031032|ref|WP_043714008.1| -> gi_760031032_ref_WP_043714008.1_
gi|929006514|ref|WP_054030453.1| -> gi_929006514_ref_WP_054030453.1_
gi|917663895|ref|WP_052218422.1| -> gi_917663895_ref_WP_052218422.1_
gi|501450751|ref|WP_012474200.1| -> gi_501450751_ref_WP_012474200.1_
gi|550906939|ref|WP_022660098.1| -> gi_550906939_ref_WP_022660098.1_
gi|492544307|ref|WP_005880668.1| -> gi_492544307_ref_WP_005880668.1_
gi|501722131|ref|WP_012625546.1| -> gi_501722131_ref_WP_012625546.1_
gi|920138574|ref|WP_052955265.1| -> gi_920138574_ref_WP_052955265.1_
gi|504219789|ref|WP_014406891.1| -> gi_504219789_ref_WP_014406891.1_
gi|504247862|ref|WP_014434964.1| -> gi_504247862_ref_WP_014434964.1_
gi|500472479|ref|WP_011939313.1| -> gi_500472479_ref_WP_011939313.1_
gi|340539229|gb|AEK49145.1| -> gi_340539229_gb_AEK49145.1_
gi|340539227|gb|AEK49144.1| -> gi_340539227_gb_AEK49144.1_
gi|302589000|gb|ADL59372.1| -> gi_302589000_gb_ADL59372.1_

                                  Gap/Ambiguity  Composition  p-value
   1  gi_738319420_ref_WP_036272413.1_   24.17%    failed      3.19%
   2  gi_493949381_ref_WP_006893283.1_   17.52%    passed      5.86%
   3  gi_545466470_ref_WP_021703038.1_   19.03%    failed      0.00%
   4  gi_447395033_gb_AFS88933.2_        16.01%    passed     64.44%
   5  gi_224179375_gb_ACN39191.1_        16.62%    failed      1.28%
   6  gi_39936624_ref_NP_948900.1_       15.11%    passed     91.53%
   7  gi_550975022_ref_WP_022723236.1_   15.11%    passed     56.96%
   8  gi_499760130_ref_WP_011440864.1_   16.92%    passed     99.65%
   9  gi_499823079_ref_WP_011503813.1_   18.13%    passed     99.60%
  10  gi_764547837_ref_WP_044415711.1_   19.03%    passed     89.21%
  11  gi_503186410_ref_WP_013421071.1_   16.92%    passed     81.86%
  12  gi_500005407_ref_WP_011686125.1_   15.41%    passed     96.16%
  13  gi_652388993_ref_WP_026784876.1_   16.92%    passed     74.76%
  14  gi_522215170_ref_WP_020722282.1_   15.41%    passed     98.79%
  15  gi_671511731_ref_WP_031497805.1_   19.94%    passed     64.08%
  16  gi_522208193_ref_WP_020715660.1_   14.50%    passed     94.69%
  17  gi_522200175_ref_WP_020707642.1_   12.39%    passed     71.90%
  18  gi_959930306_ref_WP_058188671.1_   14.80%    passed     93.61%
  19  gi_651321841_ref_WP_026446224.1_   12.39%    passed     81.69%
  20  gi_922783416_ref_WP_053381118.1_   13.90%    passed     88.25%
  21  gi_503015231_ref_WP_013250207.1_   17.52%    passed     97.52%
  22  gi_501980888_ref_WP_012682757.1_   14.50%    passed     99.26%
  23  gi_501979004_ref_WP_012682192.1_   12.08%    passed     64.03%
  24  gi_652453667_ref_WP_026848516.1_   17.82%    passed     90.67%
  25  gi_760135648_ref_WP_043817016.1_   21.75%    passed     90.82%
  26  gi_517102880_ref_WP_018291698.1_   16.92%    passed     54.84%
  27  gi_740690069_ref_WP_038475358.1_   16.92%    passed     98.34%
  28  gi_495186792_ref_WP_007911582.1_   16.01%    passed     47.09%
  29  gi_676234271_gb_AIM18906.1_        18.43%    passed      8.98%
  30  gi_493766661_ref_WP_006715242.1_   18.43%    passed     11.55%
  31  gi_489639518_ref_WP_003543958.1_   18.13%    passed      6.83%
  32  gi_653114916_ref_WP_027364526.1_   17.52%    passed     13.83%
  33  gi_516754191_ref_WP_018084905.1_   19.34%    passed     22.42%
  34  gi_500347872_ref_WP_011928520.1_   18.13%    passed     44.50%
  35  gi_544740686_ref_WP_021169583.1_   17.52%    failed      1.56%
  36  gi_517533533_ref_WP_018703741.1_   18.73%    failed      0.10%
  37  gi_817125760_ref_WP_046498382.1_   17.22%    passed     15.72%
  38  gi_656269961_ref_WP_029215682.1_   17.52%    passed     76.88%
  39  gi_502635989_ref_WP_012872514.1_   17.82%    passed     53.62%
  40  gi_917381996_ref_WP_051988708.1_   16.92%    passed     67.10%
  41  gi_872694068_ref_WP_048546073.1_   16.31%    passed     28.48%
  42  gi_493082547_ref_WP_006126391.1_   22.66%    passed     88.49%
  43  gi_914075131_ref_WP_050513018.1_   18.43%    passed     83.32%
  44  gi_917123390_ref_WP_051730102.1_   17.82%    passed     99.76%
  45  gi_944478830_ref_WP_055702709.1_   23.87%    passed     98.14%
  46  gi_926402753_ref_WP_053730865.1_   25.08%    passed     95.09%
  47  gi_943876370_ref_WP_055517454.1_   15.41%    passed     86.77%
  48  gi_494622085_ref_WP_007380029.1_   20.54%    passed     96.06%
  49  gi_664529455_ref_WP_031045865.1_   24.47%    passed     89.56%
  50  gi_664472164_ref_WP_030993279.1_   25.08%    passed     83.09%
  51  gi_559010149_ref_WP_023548976.1_   10.27%    passed     89.58%
  52  gi_662090949_ref_WP_030049729.1_   10.27%    passed     80.94%
  53  gi_494756791_ref_WP_007492199.1_   10.27%    passed     97.70%
  54  gi_664419827_ref_WP_030945163.1_   10.27%    passed     84.47%
  55  gi_799161388_ref_WP_045933926.1_   22.36%    passed     98.23%
  56  gi_926337161_ref_WP_053670035.1_   10.57%    passed     98.17%
  57  gi_930514852_ref_WP_054238281.1_   10.27%    passed     56.62%
  58  gi_951118532_ref_WP_057604559.1_   10.27%    passed     71.87%
  59  gi_944486331_ref_WP_055709475.1_   15.41%    passed     76.91%
  60  gi_663314705_ref_WP_030314591.1_   10.27%    passed     86.31%
  61  gi_518980306_ref_WP_020136181.1_   23.26%    passed     99.90%
  62  gi_943663093_ref_WP_055490737.1_   10.27%    passed     87.52%
  63  gi_664278477_ref_WP_030808646.1_   10.27%    passed     65.65%
  64  gi_926429193_ref_WP_053755957.1_   22.36%    passed     75.63%
  65  gi_951134865_ref_WP_057617745.1_   10.27%    passed     82.04%
  66  gi_917227013_ref_WP_051833725.1_   19.94%    passed     99.50%
  67  gi_917237152_ref_WP_051843864.1_   15.11%    passed     99.03%
  68  gi_944044659_ref_WP_055631768.1_   10.27%    passed     81.19%
  69  gi_610518757_dbj_BAO65696.1_       21.75%    passed     92.62%
  70  gi_751915081_ref_WP_041130008.1_   12.08%    passed     77.53%
  71  gi_517903663_ref_WP_019073871.1_   21.45%    passed     89.19%
  72  gi_760000638_ref_WP_043684130.1_   19.94%    passed     93.12%
  73  gi_820264359_ref_WP_046726969.1_   10.27%    passed     91.85%
  74  gi_930485107_ref_WP_054231915.1_   10.27%    passed     62.41%
  75  gi_671494404_ref_WP_031484442.1_   24.47%    passed     97.50%
  76  gi_740025836_ref_WP_037875493.1_    9.37%    passed     14.13%
  77  gi_665611782_ref_WP_031174559.1_   10.88%    passed     29.40%
  78  gi_648549839_ref_WP_026241590.1_    9.67%    passed     84.25%
  79  gi_518730802_ref_WP_019890818.1_   11.48%    passed     70.34%
  80  gi_739867588_ref_WP_037718316.1_   22.96%    passed     73.54%
  81  gi_780329113_ref_WP_045558746.1_   10.57%    passed     42.38%
  82  gi_740036518_ref_WP_037886171.1_    9.37%    passed     94.77%
  83  gi_817539613_ref_WP_046589522.1_   10.57%    passed     67.59%
  84  gi_739975991_ref_WP_037826164.1_   19.03%    passed     98.37%
  85  gi_740008166_ref_WP_037857964.1_   18.73%    passed     92.36%
  86  gi_522160099_ref_WP_020671307.1_   23.87%    passed     98.05%
  87  gi_931608330_ref_WP_054297005.1_   19.34%    passed     39.18%
  88  gi_514916939_ref_WP_016639390.1_   21.75%    passed     96.87%
  89  gi_517891433_ref_WP_019061641.1_   24.17%    passed     89.60%
  90  gi_739827734_ref_WP_037679194.1_    9.97%    passed     90.94%
  91  gi_663699270_ref_WP_030476143.1_   10.88%    passed     93.82%
  92  gi_739827899_ref_WP_037679359.1_   19.03%    passed     98.46%
  93  gi_917204930_ref_WP_051811642.1_   19.03%    passed     99.73%
  94  gi_918715334_ref_WP_052580309.1_   18.43%    passed     99.92%
  95  gi_917194591_ref_WP_051801303.1_   26.89%    passed     86.13%
  96  gi_503815714_ref_WP_014049708.1_   16.92%    passed     78.52%
  97  gi_759984603_ref_WP_043668376.1_   20.24%    passed     59.39%
  98  gi_750452567_ref_WP_040734440.1_   19.34%    passed     98.40%
  99  gi_696554409_ref_WP_033086600.1_   22.66%    passed     90.46%
 100  gi_750524168_ref_WP_040806037.1_   21.45%    passed     97.76%
 101  gi_739397891_ref_WP_037258456.1_   24.47%    passed     99.20%
 102  gi_739463672_ref_WP_037323619.1_   19.94%    passed     77.30%
 103  gi_516612988_ref_WP_017987831.1_   19.94%    passed     95.86%
 104  gi_522063943_ref_WP_020575152.1_   22.36%    passed     98.25%
 105  gi_663658281_ref_WP_030444069.1_   23.56%    passed     46.88%
 106  gi_950162135_ref_WP_057211743.1_   24.77%    passed     80.10%
 107  gi_502883608_ref_WP_013118584.1_   25.08%    passed     45.02%
 108  gi_491603164_ref_WP_005460724.1_   24.77%    passed     95.28%
 109  gi_970450100_ref_WP_058730794.1_   24.77%    passed     95.97%
 110  gi_938898436_ref_WP_054682429.1_   24.77%    passed     99.64%
 111  gi_503630542_ref_WP_013864618.1_   24.47%    passed     97.07%
 112  gi_551252620_ref_WP_022872887.1_   24.17%    passed     84.73%
 113  gi_494304514_ref_WP_007172569.1_   23.26%    passed     59.80%
 114  gi_937366265_ref_WP_054585478.1_   22.66%    passed     79.69%
 115  gi_808806324_ref_WP_046285503.1_   23.26%    passed     60.95%
 116  gi_806837003_ref_WP_046185264.1_   22.36%    passed     86.13%
 117  gi_806841425_ref_WP_046189027.1_   22.96%    passed     92.19%
 118  gi_503593872_ref_WP_013827948.1_   24.17%    passed     96.50%
 119  gi_490019154_ref_WP_003921665.1_   25.08%    passed     99.68%
 120  gi_500081161_ref_WP_011757174.1_   24.77%    passed     94.32%
 121  gi_740894600_ref_WP_038679848.1_   23.26%    passed     95.62%
 122  gi_736088017_ref_WP_034221384.1_   25.38%    passed     41.66%
 123  gi_635640639_ref_WP_024287532.1_   25.98%    passed     28.57%
 124  gi_521979073_ref_WP_020490344.1_   25.08%    passed     45.48%
 125  gi_754894746_ref_WP_042253337.1_   15.41%    passed     13.65%
 126  gi_502782016_ref_WP_013016992.1_   24.47%    passed     96.75%
 127  gi_754824988_ref_WP_042187503.1_   24.47%    passed     25.00%
 128  gi_752691219_ref_WP_041339041.1_   19.64%    failed      0.03%
 129  gi_851257485_ref_WP_048134622.1_   25.38%    failed      0.30%
 130  gi_499333191_ref_WP_011023683.1_   25.38%    failed      0.07%
 131  gi_499344632_ref_WP_011034171.1_   25.68%    failed      0.05%
 132  gi_851303491_ref_WP_048166801.1_   25.38%    failed      0.02%
 133  gi_966391489_ref_WP_058438253.1_   18.43%    passed     79.65%
 134  gi_820748555_ref_WP_046737449.1_   18.73%    passed     22.09%
 135  gi_500016422_ref_WP_011697140.1_   17.52%    passed     89.15%
 136  gi_851320234_ref_WP_048183374.1_   17.22%    passed     70.20%
 137  gi_851218940_ref_WP_048113175.1_   28.70%    passed     95.89%
 138  gi_503485774_ref_WP_013720435.1_   17.82%    failed      4.72%
 139  gi_981129887_ref_WP_059419285.1_   20.24%    passed     95.97%
 140  gi_496499194_ref_WP_009207730.1_   20.24%    passed     93.11%
 141  gi_516744948_ref_WP_018078770.1_   18.13%    passed     55.80%
 142  gi_738704509_ref_WP_036603132.1_   20.54%    failed      3.99%
 143  gi_511070076_ref_WP_016311643.1_   21.15%    passed      9.29%
 144  gi_836680372_ref_WP_047828246.1_   17.22%    passed      9.90%
 145  gi_916494962_ref_WP_051130338.1_   19.64%    passed     59.25%
 146  gi_750586078_ref_WP_040867947.1_   19.64%    passed     97.02%
 147  gi_917562532_ref_WP_052157922.1_   19.64%    passed     47.81%
 148  gi_504262434_ref_WP_014449536.1_   20.85%    passed     70.27%
 149  gi_654873070_ref_WP_028325089.1_   18.73%    passed     22.98%
 150  gi_490646676_ref_WP_004511671.1_   19.94%    passed     19.62%
 151  gi_771601551_ref_WP_045214237.1_   19.34%    passed     11.33%
 152  gi_505937203_ref_WP_015723951.1_   21.45%    passed     95.46%
 153  gi_506231622_ref_WP_015751397.1_   19.94%    passed     31.62%
 154  gi_921296454_ref_WP_053231770.1_   19.64%    passed     93.34%
 155  gi_648503808_ref_WP_026195559.1_   21.45%    passed     88.89%
 156  gi_671595765_ref_WP_031570350.1_   22.66%    passed     84.46%
 157  gi_801017797_ref_WP_046023086.1_   18.73%    passed     32.50%
 158  gi_917483901_ref_WP_052090318.1_   19.34%    passed     13.47%
 159  gi_504716028_ref_WP_014903130.1_   20.85%    passed      9.14%
 160  gi_505406470_ref_WP_015593572.1_   20.85%    failed      0.01%
 161  gi_760031032_ref_WP_043714008.1_   20.85%    passed     83.45%
 162  gi_929006514_ref_WP_054030453.1_   16.31%    passed     86.29%
 163  gi_917663895_ref_WP_052218422.1_   20.54%    passed     50.46%
 164  gi_501450751_ref_WP_012474200.1_   21.75%    failed      3.75%
 165  gi_550906939_ref_WP_022660098.1_   19.94%    passed     47.34%
 166  gi_492544307_ref_WP_005880668.1_   19.64%    passed     40.10%
 167  gi_501722131_ref_WP_012625546.1_   19.64%    passed     72.75%
 168  gi_920138574_ref_WP_052955265.1_   22.36%    passed     94.25%
 169  gi_504219789_ref_WP_014406891.1_   20.54%    failed      0.08%
 170  gi_504247862_ref_WP_014434964.1_   23.56%    passed     92.06%
 171  WP_071503661.1                     13.90%    passed      9.44%
 172  gi_500472479_ref_WP_011939313.1_   19.03%    passed     18.51%
 173  gi_340539229_gb_AEK49145.1_        21.75%    failed      0.43%
 174  gi_340539227_gb_AEK49144.1_        21.75%    failed      0.86%
 175  gi_302589000_gb_ADL59372.1_        21.75%    failed      2.13%
****  TOTAL                              18.84%  18 sequences failed composition chi2 test (p-value<5%; df=19)

Create initial parsimony tree by phylogenetic likelihood library (PLL)... 0.287 seconds
NOTE: MODEL SELECTION REQUIRES 38 MB MEMORY!
Testing 144 protein models (sample size: 331) ...
 No. Model         -LnL         df  AIC          AICc         BIC
  1  Dayhoff       45766.380    347 92226.759    333738.759   93546.094
  2  Dayhoff+I     45412.044    348 91520.088    334424.088   92843.225
  3  Dayhoff+G4    42510.210    348 85716.420    328620.420   87039.557
  4  Dayhoff+I+G4  42483.599    349 85665.199    329965.199   86992.138
  5  Dayhoff+F     45874.974    366 92481.948    361125.948   93873.523
  6  Dayhoff+F+I   45529.745    367 91793.489    361905.489   93188.867
  7  Dayhoff+F+G4  42423.101    367 85580.201    355692.201   86975.579
  8  Dayhoff+F+I+G4 42399.051    368 85534.103    357118.103   86933.282
  9  mtMAM         53748.998    347 108191.996   349703.996   109511.331
 10  mtMAM+I       53455.415    348 107606.829   350510.829   108929.966
 11  mtMAM+G4      46939.488    348 94574.977    337478.977   95898.114
 12  mtMAM+I+G4    46933.030    349 94564.060    338864.060   95890.999
 13  mtMAM+F       50244.587    366 101221.175   369865.175   102612.750
 14  mtMAM+F+I     49906.471    367 100546.943   370658.943   101942.320
 15  mtMAM+F+G4    44582.717    367 89899.434    360011.434   91294.811
 16  mtMAM+F+I+G4  44567.528    368 89871.056    361455.056   91270.236
 17  JTT           45828.747    347 92351.495    333863.495   93670.830
 18  JTT+I         45473.302    348 91642.605    334546.605   92965.742
 19  JTT+G4        42327.382    348 85350.764    328254.764   86673.902
 20  JTT+I+G4      42305.597    349 85309.194    329609.194   86636.133
 21  JTT+F         45905.575    366 92543.150    361187.150   93934.726
 22  JTT+F+I       45554.101    367 91842.201    361954.201   93237.579
 23  JTT+F+G4      42328.849    367 85391.699    355503.699   86787.076
 24  JTT+F+I+G4    42309.484    368 85354.967    356938.967   86754.147
 25  WAG           45382.457    347 91458.915    332970.915   92778.250
 26  WAG+I         45056.181    348 90808.363    333712.363   92131.500
 27  WAG+G4        42165.106    348 85026.211    327930.211   86349.348
 28  WAG+I+G4      42145.786    349 84989.572    329289.572   86316.512
 29  WAG+F         45267.468    366 91266.936    359910.936   92658.512
 30  WAG+F+I       44947.628    367 90629.256    360741.256   92024.633
 31  WAG+F+G4      42001.382    367 84736.764    354848.764   86132.141
 32  WAG+F+I+G4    41985.943    368 84707.886    356291.886   86107.065
 33  cpREV         46338.810    347 93371.620    334883.620   94690.955
 34  cpREV+I       45956.773    348 92609.545    335513.545   93932.682
 35  cpREV+G4      42779.065    348 86254.131    329158.131   87577.268
 36  cpREV+I+G4    42762.674    349 86223.348    330523.348   87550.287
 37  cpREV+F       45919.612    366 92571.225    361215.225   93962.800
 38  cpREV+F+I     45522.045    367 91778.090    361890.090   93173.468
 39  cpREV+F+G4    42425.626    367 85585.252    355697.252   86980.630
 40  cpREV+F+I+G4  42408.692    368 85553.385    357137.385   86952.564
 41  mtREV         50392.253    347 101478.507   342990.507   102797.842
 42  mtREV+I       50096.899    348 100889.798   343793.798   102212.935
 43  mtREV+G4      45474.423    348 91644.845    334548.845   92967.983
 44  mtREV+I+G4    45464.640    349 91627.279    335927.279   92954.219
 45  mtREV+F       47383.121    366 95498.241    364142.241   96889.817
 46  mtREV+F+I     47037.010    367 94808.019    364920.019   96203.397
 47  mtREV+F+G4    43161.162    367 87056.324    357168.324   88451.702
 48  mtREV+F+I+G4  43134.837    368 87005.674    358589.674   88404.854
 49  rtREV         46450.378    347 93594.757    335106.757   94914.092
 50  rtREV+I       46085.619    348 92867.237    335771.237   94190.375
 51  rtREV+G4      42743.973    348 86183.947    329087.947   87507.084
 52  rtREV+I+G4    42724.175    349 86146.350    330446.350   87473.290
 53  rtREV+F       46097.849    366 92927.698    361571.698   94319.273
 54  rtREV+F+I     45696.903    367 92127.806    362239.806   93523.184
 55  rtREV+F+G4    42283.228    367 85300.456    355412.456   86695.834
 56  rtREV+F+I+G4  42258.542    368 85253.084    356837.084   86652.264
 57  mtART         53498.321    347 107690.642   349202.642   109009.977
 58  mtART+I       53046.663    348 106789.326   349693.326   108112.463
 59  mtART+G4      46605.087    348 93906.173    336810.173   95229.311
 60  mtART+I+G4    46580.218    349 93858.436    338158.436   95185.375
 61  mtART+F       50387.842    366 101507.684   370151.684   102899.259
 62  mtART+F+I     49918.430    367 100570.859   370682.859   101966.237
 63  mtART+F+G4    44494.043    367 89722.087    359834.087   91117.464
 64  mtART+F+I+G4  44465.693    368 89667.386    361251.386   91066.565
 65  mtZOA         50573.135    347 101840.271   343352.271   103159.606
 66  mtZOA+I       50163.888    348 101023.776   343927.776   102346.914
 67  mtZOA+G4      44837.947    348 90371.894    333275.894   91695.031
 68  mtZOA+I+G4    44815.511    349 90329.022    334629.022   91655.961
 69  mtZOA+F       48493.909    366 97719.818    366363.818   99111.393
 70  mtZOA+F+I     48049.211    367 96832.422    366944.422   98227.799
 71  mtZOA+F+G4    43547.924    367 87829.848    357941.848   89225.225
 72  mtZOA+F+I+G4  43519.115    368 87774.230    359358.230   89173.410
 73  VT            45605.991    347 91905.983    333417.983   93225.318
 74  VT+I          45264.099    348 91224.198    334128.198   92547.335
 75  VT+G4         42339.793    348 85375.585    328279.585   86698.723
 76  VT+I+G4       42319.076    349 85336.152    329636.152   86663.091
 77  VT+F          45460.385    366 91652.770    360296.770   93044.345
 78  VT+F+I        45117.089    367 90968.179    361080.179   92363.556
 79  VT+F+G4       42168.512    367 85071.025    355183.025   86466.402
 80  VT+F+I+G4     42148.191    368 85032.382    356616.382   86431.561
 81  LG            45871.959    347 92437.917    333949.917   93757.252
 82  LG+I          45508.858    348 91713.715    334617.715   93036.853
 83  LG+G4         42124.299    348 84944.598    327848.598   86267.735
 84  LG+I+G4       42104.711    349 84907.423    329207.423   86234.362
 85  LG+F          45762.187    366 92256.374    360900.374   93647.949
 86  LG+F+I        45386.836    367 91507.672    361619.672   92903.050
 87  LG+F+G4       41993.477    367 84720.955    354832.955   86116.332
 88  LG+F+I+G4     41971.333    368 84678.667    356262.667   86077.846
 89  DCMut         45768.858    347 92231.715    333743.715   93551.050
 90  DCMut+I       45414.569    348 91525.137    334429.137   92848.274
 91  DCMut+G4      42514.272    348 85724.544    328628.544   87047.681
 92  DCMut+I+G4    42487.484    349 85672.968    329972.968   86999.907
 93  DCMut+F       45876.651    366 92485.303    361129.303   93876.878
 94  DCMut+F+I     45531.291    367 91796.581    361908.581   93191.959
 95  DCMut+F+G4    42426.046    367 85586.092    355698.092   86981.470
 96  DCMut+F+I+G4  42401.859    368 85539.717    357123.717   86938.897
 97  PMB           46132.890    347 92959.781    334471.781   94279.116
 98  PMB+I         45827.856    348 92351.713    335255.713   93674.850
 99  PMB+G4        42803.931    348 86303.861    329207.861   87626.998
100  PMB+I+G4      42790.910    349 86279.821    330579.821   87606.760
101  PMB+F         45729.993    366 92191.986    360835.986   93583.561
102  PMB+F+I       45418.948    367 91571.896    361683.896   92967.273
103  PMB+F+G4      42415.567    367 85565.133    355677.133   86960.511
104  PMB+F+I+G4    42401.740    368 85539.480    357123.480   86938.660
105  HIVb          47932.956    347 96559.912    338071.912   97879.247
106  HIVb+I        47511.223    348 95718.446    338622.446   97041.583
107  HIVb+G4       43741.369    348 88178.737    331082.737   89501.875
108  HIVb+I+G4     43717.109    349 88132.217    332432.217   89459.156
109  HIVb+F        47701.613    366 96135.226    364779.226   97526.801
110  HIVb+F+I      47280.387    367 95294.774    365406.774   96690.151
111  HIVb+F+G4     43479.584    367 87693.167    357805.167   89088.545
112  HIVb+F+I+G4   43453.280    368 87642.561    359226.561   89041.740
113  HIVw          50074.744    347 100843.487   342355.487   102162.823
114  HIVw+I        49705.931    348 100107.862   343011.862   101430.999
115  HIVw+G4       45923.625    348 92543.251    335447.251   93866.388
116  HIVw+I+G4     45903.575    349 92505.150    336805.150   93832.089
117  HIVw+F        49286.332    366 99304.664    367948.664   100696.239
118  HIVw+F+I      48896.321    367 98526.642    368638.642   99922.019
119  HIVw+F+G4     44861.772    367 90457.543    360569.543   91852.921
120  HIVw+F+I+G4   44844.567    368 90425.134    362009.134   91824.314
121  JTTDCMut      45805.489    347 92304.977    333816.977   93624.312
122  JTTDCMut+I    45455.159    348 91606.319    334510.319   92929.456
123  JTTDCMut+G4   42326.233    348 85348.466    328252.466   86671.603
124  JTTDCMut+I+G4 42304.692    349 85307.384    329607.384   86634.323
125  JTTDCMut+F    45875.545    366 92483.090    361127.090   93874.666
126  JTTDCMut+F+I  45528.111    367 91790.222    361902.222   93185.599
127  JTTDCMut+F+G4 42317.767    367 85369.534    355481.534   86764.911
128  JTTDCMut+F+I+G4 42298.580    368 85333.159    356917.159   86732.339
129  FLU           47531.934    347 95757.868    337269.868   97077.203
130  FLU+I         47232.538    348 95161.076    338065.076   96484.214
131  FLU+G4        43550.316    348 87796.631    330700.631   89119.768
132  FLU+I+G4      43536.205    349 87770.410    332070.410   89097.350
133  FLU+F         46936.760    366 94605.521    363249.521   95997.096
134  FLU+F+I       46643.247    367 94020.493    364132.493   95415.871
135  FLU+F+G4      42881.827    367 86497.655    356609.655   87893.032
136  FLU+F+I+G4    42868.425    368 86472.851    358056.851   87872.030
137  Blosum62      46136.075    347 92966.150    334478.150   94285.485
138  Blosum62+I    45837.292    348 92370.584    335274.584   93693.721
139  Blosum62+G4   42840.616    348 86377.232    329281.232   87700.369
140  Blosum62+I+G4 42827.457    349 86352.913    330652.913   87679.852
141  Blosum62+F    45692.951    366 92117.901    360761.901   93509.477
142  Blosum62+F+I  45382.301    367 91498.602    361610.602   92893.979
143  Blosum62+F+G4 42399.192    367 85532.385    355644.385   86927.762
144  Blosum62+F+I+G4 42383.837    368 85503.673    357087.673   86902.853
Akaike Information Criterion:           LG+F+I+G4
Corrected Akaike Information Criterion: LG+G4
Bayesian Information Criterion:         LG+F+I+G4
Best-fit model: LG+F+I+G4 chosen according to BIC
CPU time for model selection: 971.257 seconds.
Generating 1000 samples for ultrafast bootstrap (seed: 298954)...

NOTE: 38 MB RAM (0 GB) is required!
Estimate model parameters (epsilon = 0.100)

Testing with init. pinv = 0.000 / init. alpha = 1.000
Est. p_inv: 0.037 / Est. gamma shape: 0.810 / Logl: -41971.336

Testing with init. pinv = 0.006 / init. alpha = 1.000
Est. p_inv: 0.037 / Est. gamma shape: 0.810 / Logl: -41971.338

Testing with init. pinv = 0.011 / init. alpha = 1.000
Est. p_inv: 0.037 / Est. gamma shape: 0.810 / Logl: -41971.338

Testing with init. pinv = 0.017 / init. alpha = 1.000
Est. p_inv: 0.038 / Est. gamma shape: 0.810 / Logl: -41971.337

Testing with init. pinv = 0.023 / init. alpha = 1.000
Est. p_inv: 0.038 / Est. gamma shape: 0.810 / Logl: -41971.337

Testing with init. pinv = 0.029 / init. alpha = 1.000
Est. p_inv: 0.038 / Est. gamma shape: 0.811 / Logl: -41971.337

Testing with init. pinv = 0.034 / init. alpha = 1.000
Est. p_inv: 0.038 / Est. gamma shape: 0.810 / Logl: -41971.337

Testing with init. pinv = 0.040 / init. alpha = 1.000
Est. p_inv: 0.038 / Est. gamma shape: 0.810 / Logl: -41971.337

Testing with init. pinv = 0.046 / init. alpha = 1.000
Est. p_inv: 0.038 / Est. gamma shape: 0.810 / Logl: -41971.336

Testing with init. pinv = 0.051 / init. alpha = 1.000
Est. p_inv: 0.038 / Est. gamma shape: 0.810 / Logl: -41971.336

Best p_inv: 0.038 / best gamma shape: 0.810 / Logl: -41971.336
Parameters optimization took 101.129 sec
Computing ML distances based on estimated model parameters... 18.024 sec
Computing BIONJ tree...
0.070 seconds
Log-likelihood of BIONJ tree: -42093.325
--------------------------------------------------------------------
|             INITIALIZING CANDIDATE TREE SET                      |
--------------------------------------------------------------------
Generating 98 parsimony trees... 23.236 second
Computing log-likelihood of 98 initial trees ... 131.603 seconds
Current best score: -41951.351

Do NNI search on 20 best initial trees
Estimate model parameters (epsilon = 0.100)
BETTER TREE FOUND at iteration 1: -41840.424
Estimate model parameters (epsilon = 0.100)
BETTER TREE FOUND at iteration 4: -41832.545
Iteration 10 / LogL: -41884.433 / Time: 0h:23m:2s
Iteration 20 / LogL: -41846.756 / Time: 0h:25m:29s
Finish initializing candidate tree set (20)
Current best tree score: -41832.545 / CPU time: 433.135
Number of iterations: 20
--------------------------------------------------------------------
|               OPTIMIZING CANDIDATE TREE SET                      |
--------------------------------------------------------------------
Estimate model parameters (epsilon = 0.100)
BETTER TREE FOUND at iteration 26: -41832.031
Estimate model parameters (epsilon = 0.100)
BETTER TREE FOUND at iteration 27: -41825.239
Iteration 30 / LogL: -41829.026 / Time: 0h:28m:30s (0h:41m:10s left)
Estimate model parameters (epsilon = 0.100)
BETTER TREE FOUND at iteration 34: -41821.413
Estimate model parameters (epsilon = 0.100)
BETTER TREE FOUND at iteration 39: -41819.840
Estimate model parameters (epsilon = 0.100)
BETTER TREE FOUND at iteration 40: -41819.760
Iteration 40 / LogL: -41819.760 / Time: 0h:31m:34s (0h:39m:27s left)
Iteration 50 / LogL: -41824.412 / Time: 0h:34m:20s (0h:33m:19s left)
Log-likelihood cutoff on original alignment: -41908.909
Estimate model parameters (epsilon = 0.100)
BETTER TREE FOUND at iteration 55: -41816.703
Estimate model parameters (epsilon = 0.100)
BETTER TREE FOUND at iteration 59: -41815.087
Estimate model parameters (epsilon = 0.100)
BETTER TREE FOUND at iteration 60: -41807.294
Iteration 60 / LogL: -41807.294 / Time: 0h:37m:24s (0h:35m:56s left)
Iteration 70 / LogL: -41823.733 / Time: 0h:40m:16s (0h:31m:23s left)
Estimate model parameters (epsilon = 0.100)
BETTER TREE FOUND at iteration 71: -41805.851
Estimate model parameters (epsilon = 0.100)
BETTER TREE FOUND at iteration 78: -41805.473
Estimate model parameters (epsilon = 0.100)
BETTER TREE FOUND at iteration 80: -41804.315
Iteration 80 / LogL: -41804.315 / Time: 0h:43m:9s (0h:34m:7s left)
Estimate model parameters (epsilon = 0.100)
BETTER TREE FOUND at iteration 83: -41802.926
Estimate model parameters (epsilon = 0.100)
BETTER TREE FOUND at iteration 86: -41800.919
Iteration 90 / LogL: -41804.502 / Time: 0h:45m:50s (0h:31m:58s left)
Iteration 100 / LogL: -41805.200 / Time: 0h:48m:27s (0h:28m:1s left)
Log-likelihood cutoff on original alignment: -41890.159
NOTE: Bootstrap correlation coefficient of split occurrence frequencies: 0.962
NOTE: UFBoot does not converge, continue at least 100 more iterations
Iteration 110 / LogL: -41836.884 / Time: 0h:51m:6s (0h:28m:49s left)
Estimate model parameters (epsilon = 0.100)
BETTER TREE FOUND at iteration 114: -41800.292
Iteration 120 / LogL: -41903.882 / Time: 0h:53m:38s (0h:29m:35s left)
Estimate model parameters (epsilon = 0.100)
BETTER TREE FOUND at iteration 123: -41800.243
Iteration 130 / LogL: -41803.355 / Time: 0h:56m:38s (0h:29m:9s left)
Iteration 140 / LogL: -41800.411 / Time: 0h:59m:16s (0h:25m:43s left)
Estimate model parameters (epsilon = 0.100)
BETTER TREE FOUND at iteration 143: -41798.094
Iteration 150 / LogL: -41819.041 / Time: 1h:2m:1s (0h:28m:36s left)
Log-likelihood cutoff on original alignment: -41890.159
Iteration 160 / LogL: -41814.630 / Time: 1h:4m:44s (0h:25m:20s left)
Iteration 170 / LogL: -41812.592 / Time: 1h:7m:33s (0h:22m:10s left)
Iteration 180 / LogL: -41806.963 / Time: 1h:10m:19s (0h:19m:2s left)
Iteration 190 / LogL: -41802.505 / Time: 1h:12m:59s (0h:15m:55s left)
Iteration 200 / LogL: -41800.822 / Time: 1h:15m:31s (0h:12m:49s left)
Log-likelihood cutoff on original alignment: -41890.159
NOTE: Bootstrap correlation coefficient of split occurrence frequencies: 0.993
Iteration 210 / LogL: -41809.312 / Time: 1h:18m:10s (0h:26m:41s left)
Iteration 220 / LogL: -41804.945 / Time: 1h:20m:47s (0h:23m:35s left)
Iteration 230 / LogL: -41805.276 / Time: 1h:23m:26s (0h:20m:33s left)
Estimate model parameters (epsilon = 0.100)
BETTER TREE FOUND at iteration 231: -41797.617
Iteration 240 / LogL: -41825.578 / Time: 1h:26m:9s (0h:26m:38s left)
Estimate model parameters (epsilon = 0.100)
BETTER TREE FOUND at iteration 241: -41795.932
Iteration 250 / LogL: -41804.850 / Time: 1h:29m:1s (0h:26m:37s left)
Log-likelihood cutoff on original alignment: -41890.159
Iteration 260 / LogL: -41823.120 / Time: 1h:31m:53s (0h:23m:40s left)
Iteration 270 / LogL: -41798.740 / Time: 1h:34m:28s (0h:20m:39s left)
Iteration 280 / LogL: -41805.038 / Time: 1h:37m:17s (0h:17m:43s left)
Iteration 290 / LogL: -41798.580 / Time: 1h:39m:59s (0h:14m:47s left)
Iteration 300 / LogL: -41797.848 / Time: 1h:42m:42s (0h:11m:51s left)
Log-likelihood cutoff on original alignment: -41890.159
NOTE: Bootstrap correlation coefficient of split occurrence frequencies: 0.997
Iteration 310 / LogL: -41821.768 / Time: 1h:45m:29s (0h:26m:0s left)
Iteration 320 / LogL: -41802.871 / Time: 1h:48m:10s (0h:23m:3s left)
Iteration 330 / LogL: -41816.659 / Time: 1h:50m:47s (0h:20m:7s left)
Iteration 340 / LogL: -41800.996 / Time: 1h:53m:25s (0h:17m:12s left)
TREE SEARCH COMPLETED AFTER 342 ITERATIONS / Time: 1h:53m:56s

--------------------------------------------------------------------
|                    FINALIZING TREE SEARCH                        |
--------------------------------------------------------------------
Performs final model parameters optimization
Estimate model parameters (epsilon = 0.010)
1. Initial log-likelihood: -41795.932
Optimal log-likelihood: -41795.932
Proportion of invariable sites: 0.038
Gamma shape alpha: 0.825
Parameters optimization took 1 rounds (2.252 sec)
BEST SCORE FOUND : -41795.932

Testing tree branches by SH-like aLRT with 1000 replicates...
CPU Time used:  5.194 sec.
Creating bootstrap support values...
Split supports printed to NEXUS file 7-centered80_arsm_protdb_uc90_bmge.fasta.splits.nex
Total tree length: 57.334

Total number of iterations: 342
CPU time used for tree search: 5716.130 sec (1h:35m:16s)
Wall-clock time used for tree search: 5739.794 sec (1h:35m:39s)
Total CPU time used: 6820.397 sec (1h:53m:40s)
Total wall-clock time used: 6844.849 sec (1h:54m:4s)

Computing bootstrap consensus tree...
Reading input file 7-centered80_arsm_protdb_uc90_bmge.fasta.splits.nex...
175 taxa and 1342 splits.
Consensus tree written to 7-centered80_arsm_protdb_uc90_bmge.fasta.contree
Reading input trees file 7-centered80_arsm_protdb_uc90_bmge.fasta.contree
Log-likelihood of consensus tree: -41800.019

Analysis results written to: 
  IQ-TREE report:                7-centered80_arsm_protdb_uc90_bmge.fasta.iqtree
  Maximum-likelihood tree:       7-centered80_arsm_protdb_uc90_bmge.fasta.treefile
  Likelihood distances:          7-centered80_arsm_protdb_uc90_bmge.fasta.mldist

Ultrafast bootstrap approximation results written to:
  Split support values:          7-centered80_arsm_protdb_uc90_bmge.fasta.splits.nex
  Consensus tree:                7-centered80_arsm_protdb_uc90_bmge.fasta.contree
  Screen log file:               7-centered80_arsm_protdb_uc90_bmge.fasta.log

Date and Time: Fri Mar  3 12:03:38 2017
